[19-Mar-2026 04:44:08 UTC] URI acessada: chat/generate-quiz
[19-Mar-2026 04:44:30 UTC] URI acessada: chat/upload
[19-Mar-2026 04:44:30 UTC] PHP Warning:  move_uploaded_file(C:\Users\Moreira\Downloads\infinitAI\Backend\app\controllers/../../uploads/69bb7f2ec3b22_1773895470.PNG): Failed to open stream: No such file or directory in C:\Users\Moreira\Downloads\infinitAI\Backend\app\controllers\ChatController.php on line 166
[19-Mar-2026 04:44:30 UTC] PHP Warning:  move_uploaded_file(): Unable to move &quot;C:\Users\Moreira\AppData\Local\Temp\phpDA3D.tmp&quot; to &quot;C:\Users\Moreira\Downloads\infinitAI\Backend\app\controllers/../../uploads/69bb7f2ec3b22_1773895470.PNG&quot; in C:\Users\Moreira\Downloads\infinitAI\Backend\app\controllers\ChatController.php on line 166
[19-Mar-2026 04:45:14 UTC] URI acessada: chat/upload
[19-Mar-2026 04:45:15 UTC] PHP Warning:  move_uploaded_file(C:\Users\Moreira\Downloads\infinitAI\Backend\app\controllers/../../uploads/69bb7f5b01f71_1773895515.jfif): Failed to open stream: No such file or directory in C:\Users\Moreira\Downloads\infinitAI\Backend\app\controllers\ChatController.php on line 166
[19-Mar-2026 04:45:15 UTC] PHP Warning:  move_uploaded_file(): Unable to move &quot;C:\Users\Moreira\AppData\Local\Temp\php86CA.tmp&quot; to &quot;C:\Users\Moreira\Downloads\infinitAI\Backend\app\controllers/../../uploads/69bb7f5b01f71_1773895515.jfif&quot; in C:\Users\Moreira\Downloads\infinitAI\Backend\app\controllers\ChatController.php on line 166
[19-Mar-2026 04:45:36 UTC] URI acessada: chat/conversations
[19-Mar-2026 04:46:33 UTC] URI acessada: chat/messages
[19-Mar-2026 04:46:33 UTC] URI acessada: chat/conversations
[19-Mar-2026 04:47:01 UTC] URI acessada: chat/messages
[19-Mar-2026 04:47:03 UTC] URI acessada: chat/conversations
[19-Mar-2026 04:47:10 UTC] URI acessada: chat/messages
[19-Mar-2026 04:47:11 UTC] URI acessada: chat/conversations
[19-Mar-2026 04:57:32 UTC] URI acessada: chat/conversations
[19-Mar-2026 04:59:14 UTC] URI acessada: auth/verify
[19-Mar-2026 04:59:20 UTC] URI acessada: auth/verify
[19-Mar-2026 04:59:22 UTC] URI acessada: auth/verify
[19-Mar-2026 04:59:23 UTC] URI acessada: auth/verify
[19-Mar-2026 04:59:25 UTC] URI acessada: auth/verify
[19-Mar-2026 04:59:26 UTC] URI acessada: auth/verify
[19-Mar-2026 04:59:27 UTC] URI acessada: auth/verify
[19-Mar-2026 04:59:28 UTC] URI acessada: auth/verify
[19-Mar-2026 04:59:30 UTC] URI acessada: auth/verify
[19-Mar-2026 04:59:32 UTC] URI acessada: auth/verify
[19-Mar-2026 04:59:33 UTC] URI acessada: auth/verify
[19-Mar-2026 04:59:35 UTC] URI acessada: auth/verify
[19-Mar-2026 04:59:36 UTC] URI acessada: auth/verify
[19-Mar-2026 04:59:38 UTC] URI acessada: auth/verify
[19-Mar-2026 04:59:39 UTC] URI acessada: auth/verify
[19-Mar-2026 04:59:40 UTC] URI acessada: auth/verify
[19-Mar-2026 04:59:41 UTC] URI acessada: auth/verify
[19-Mar-2026 04:59:42 UTC] URI acessada: auth/verify
[19-Mar-2026 04:59:43 UTC] URI acessada: auth/verify
[19-Mar-2026 04:59:44 UTC] URI acessada: auth/verify
[19-Mar-2026 04:59:45 UTC] URI acessada: auth/verify
[19-Mar-2026 04:59:46 UTC] URI acessada: auth/verify
[19-Mar-2026 04:59:47 UTC] URI acessada: auth/verify
[19-Mar-2026 04:59:48 UTC] URI acessada: auth/verify
[19-Mar-2026 04:59:48 UTC] URI acessada: auth/verify
[19-Mar-2026 04:59:49 UTC] URI acessada: auth/verify
[19-Mar-2026 04:59:50 UTC] URI acessada: auth/verify
[19-Mar-2026 04:59:51 UTC] URI acessada: auth/verify
[19-Mar-2026 04:59:52 UTC] URI acessada: auth/verify
[19-Mar-2026 04:59:53 UTC] URI acessada: auth/verify
[19-Mar-2026 04:59:54 UTC] URI acessada: auth/verify
[19-Mar-2026 04:59:55 UTC] URI acessada: auth/verify
[19-Mar-2026 04:59:56 UTC] URI acessada: auth/verify
[19-Mar-2026 04:59:57 UTC] URI acessada: auth/verify
[19-Mar-2026 04:59:58 UTC] URI acessada: auth/verify
[19-Mar-2026 04:59:59 UTC] URI acessada: auth/verify
[19-Mar-2026 04:59:59 UTC] URI acessada: auth/verify
[19-Mar-2026 05:00:00 UTC] URI acessada: auth/verify
[19-Mar-2026 05:00:01 UTC] URI acessada: auth/verify
[19-Mar-2026 05:00:02 UTC] URI acessada: auth/verify
[19-Mar-2026 05:00:11 UTC] URI acessada: auth/verify
[19-Mar-2026 05:00:22 UTC] URI acessada: auth/verify
[19-Mar-2026 05:00:26 UTC] URI acessada: auth/verify
[19-Mar-2026 05:00:28 UTC] URI acessada: auth/verify
[19-Mar-2026 05:00:31 UTC] URI acessada: auth/verify
[19-Mar-2026 05:00:33 UTC] URI acessada: auth/verify
[19-Mar-2026 05:00:34 UTC] URI acessada: auth/verify
[19-Mar-2026 05:00:37 UTC] URI acessada: auth/verify
[19-Mar-2026 05:00:39 UTC] URI acessada: auth/verify
[19-Mar-2026 05:00:40 UTC] URI acessada: auth/verify
[19-Mar-2026 05:00:41 UTC] URI acessada: auth/verify
[19-Mar-2026 05:00:43 UTC] URI acessada: auth/verify
[19-Mar-2026 05:00:49 UTC] URI acessada: auth/verify
[19-Mar-2026 05:00:52 UTC] URI acessada: auth/verify
[19-Mar-2026 05:00:54 UTC] URI acessada: auth/verify
[19-Mar-2026 05:00:56 UTC] URI acessada: auth/verify
[19-Mar-2026 05:01:06 UTC] URI acessada: auth/verify
[19-Mar-2026 05:01:08 UTC] URI acessada: auth/verify
[19-Mar-2026 05:01:10 UTC] URI acessada: auth/verify
[19-Mar-2026 05:01:11 UTC] URI acessada: auth/verify
[19-Mar-2026 05:01:12 UTC] URI acessada: auth/verify
[19-Mar-2026 05:01:13 UTC] URI acessada: auth/verify
[19-Mar-2026 05:01:14 UTC] URI acessada: auth/verify
[19-Mar-2026 05:01:15 UTC] URI acessada: auth/verify
[19-Mar-2026 05:01:15 UTC] URI acessada: auth/verify
[19-Mar-2026 05:01:16 UTC] URI acessada: auth/verify
[19-Mar-2026 05:01:18 UTC] URI acessada: auth/verify
[19-Mar-2026 05:01:18 UTC] URI acessada: auth/verify
[19-Mar-2026 05:01:19 UTC] URI acessada: auth/verify
[19-Mar-2026 05:01:20 UTC] URI acessada: auth/verify
[19-Mar-2026 05:01:22 UTC] URI acessada: auth/verify
[19-Mar-2026 05:01:24 UTC] URI acessada: auth/verify
[19-Mar-2026 05:01:26 UTC] URI acessada: auth/verify
[19-Mar-2026 05:01:28 UTC] URI acessada: auth/verify
[19-Mar-2026 05:01:29 UTC] URI acessada: auth/verify
[19-Mar-2026 05:01:30 UTC] URI acessada: auth/verify
[19-Mar-2026 05:01:32 UTC] URI acessada: auth/verify
[19-Mar-2026 05:01:34 UTC] URI acessada: auth/verify
[19-Mar-2026 05:01:35 UTC] URI acessada: auth/verify
[19-Mar-2026 05:01:37 UTC] URI acessada: auth/verify
[19-Mar-2026 05:01:39 UTC] URI acessada: auth/verify
[19-Mar-2026 05:01:40 UTC] URI acessada: auth/verify
[19-Mar-2026 05:01:41 UTC] URI acessada: auth/verify
[19-Mar-2026 05:01:42 UTC] URI acessada: auth/verify
[19-Mar-2026 05:01:44 UTC] URI acessada: auth/verify
[19-Mar-2026 05:01:46 UTC] URI acessada: auth/verify
[19-Mar-2026 05:01:47 UTC] URI acessada: auth/verify
[19-Mar-2026 05:01:49 UTC] URI acessada: auth/verify
[19-Mar-2026 05:01:52 UTC] URI acessada: auth/verify
[19-Mar-2026 05:01:54 UTC] URI acessada: auth/verify
[19-Mar-2026 05:01:56 UTC] URI acessada: auth/verify
[19-Mar-2026 05:04:02 UTC] URI acessada: auth/admin-login
[19-Mar-2026 05:04:11 UTC] URI acessada: auth/verify
[19-Mar-2026 05:04:17 UTC] URI acessada: auth/verify
[19-Mar-2026 05:04:18 UTC] URI acessada: auth/verify
[19-Mar-2026 05:04:20 UTC] URI acessada: auth/verify
[19-Mar-2026 05:04:21 UTC] URI acessada: auth/verify
[19-Mar-2026 05:04:22 UTC] URI acessada: auth/verify
[19-Mar-2026 05:04:23 UTC] URI acessada: auth/verify
[19-Mar-2026 05:04:24 UTC] URI acessada: auth/verify
[19-Mar-2026 05:04:25 UTC] URI acessada: auth/verify
[19-Mar-2026 05:04:26 UTC] URI acessada: auth/verify
[19-Mar-2026 05:04:27 UTC] URI acessada: auth/verify
[19-Mar-2026 05:04:28 UTC] URI acessada: auth/verify
[19-Mar-2026 05:04:29 UTC] URI acessada: auth/verify
[19-Mar-2026 05:04:31 UTC] URI acessada: auth/verify
[19-Mar-2026 05:04:32 UTC] URI acessada: auth/verify
[19-Mar-2026 05:04:33 UTC] URI acessada: auth/verify
[19-Mar-2026 05:04:34 UTC] URI acessada: auth/verify
[19-Mar-2026 05:04:35 UTC] URI acessada: auth/verify
[19-Mar-2026 05:04:36 UTC] URI acessada: auth/verify
[19-Mar-2026 05:04:38 UTC] URI acessada: auth/verify
[19-Mar-2026 05:04:39 UTC] URI acessada: auth/verify
[19-Mar-2026 05:04:41 UTC] URI acessada: auth/verify
[19-Mar-2026 05:04:42 UTC] URI acessada: auth/verify
[19-Mar-2026 05:04:43 UTC] URI acessada: auth/verify
[19-Mar-2026 05:04:44 UTC] URI acessada: auth/verify
[19-Mar-2026 05:04:45 UTC] URI acessada: auth/verify
[19-Mar-2026 05:04:48 UTC] URI acessada: auth/verify
[19-Mar-2026 05:04:49 UTC] URI acessada: auth/verify
[19-Mar-2026 05:04:50 UTC] URI acessada: auth/verify
[19-Mar-2026 05:04:51 UTC] URI acessada: auth/verify
[19-Mar-2026 05:04:52 UTC] URI acessada: auth/verify
[19-Mar-2026 05:04:53 UTC] URI acessada: auth/verify
[19-Mar-2026 05:04:54 UTC] URI acessada: auth/verify
[19-Mar-2026 05:04:56 UTC] URI acessada: auth/verify
[19-Mar-2026 05:04:57 UTC] URI acessada: auth/verify
[19-Mar-2026 05:04:58 UTC] URI acessada: auth/verify
[19-Mar-2026 05:04:59 UTC] URI acessada: auth/verify
[19-Mar-2026 05:05:01 UTC] URI acessada: auth/verify
[19-Mar-2026 05:05:02 UTC] URI acessada: auth/verify
[19-Mar-2026 05:05:03 UTC] URI acessada: auth/verify
[19-Mar-2026 05:05:04 UTC] URI acessada: auth/verify
[19-Mar-2026 05:05:06 UTC] URI acessada: auth/verify
[19-Mar-2026 05:05:07 UTC] URI acessada: auth/verify
[19-Mar-2026 05:05:09 UTC] URI acessada: auth/verify
[19-Mar-2026 05:05:11 UTC] URI acessada: auth/verify
[19-Mar-2026 05:05:13 UTC] URI acessada: auth/verify
[19-Mar-2026 05:05:14 UTC] URI acessada: auth/verify
[19-Mar-2026 05:05:16 UTC] URI acessada: auth/verify
[19-Mar-2026 05:05:17 UTC] URI acessada: auth/verify
[19-Mar-2026 05:05:19 UTC] URI acessada: auth/verify
[19-Mar-2026 05:05:20 UTC] URI acessada: auth/verify
[19-Mar-2026 05:05:23 UTC] URI acessada: auth/verify
[19-Mar-2026 05:05:24 UTC] URI acessada: auth/verify
[19-Mar-2026 05:05:25 UTC] URI acessada: auth/verify
[19-Mar-2026 05:05:26 UTC] URI acessada: auth/verify
[19-Mar-2026 05:05:27 UTC] URI acessada: auth/verify
[19-Mar-2026 05:05:29 UTC] URI acessada: auth/verify
[19-Mar-2026 05:05:30 UTC] URI acessada: auth/verify
[19-Mar-2026 05:05:32 UTC] URI acessada: auth/verify
[19-Mar-2026 05:05:34 UTC] URI acessada: auth/verify
[19-Mar-2026 05:05:36 UTC] URI acessada: auth/verify
[19-Mar-2026 05:05:37 UTC] URI acessada: auth/verify
[19-Mar-2026 05:05:40 UTC] URI acessada: auth/verify
[19-Mar-2026 05:05:47 UTC] URI acessada: auth/verify
[19-Mar-2026 05:05:49 UTC] URI acessada: auth/verify
[19-Mar-2026 05:05:51 UTC] URI acessada: auth/verify
[19-Mar-2026 05:05:55 UTC] URI acessada: auth/verify
[19-Mar-2026 05:05:58 UTC] URI acessada: auth/verify
[19-Mar-2026 05:05:59 UTC] URI acessada: auth/verify
[19-Mar-2026 05:06:01 UTC] URI acessada: auth/verify
[19-Mar-2026 05:06:02 UTC] URI acessada: auth/verify
[19-Mar-2026 05:06:10 UTC] URI acessada: auth/verify
[19-Mar-2026 05:06:11 UTC] URI acessada: auth/verify
[19-Mar-2026 05:06:12 UTC] URI acessada: auth/verify
[19-Mar-2026 05:06:14 UTC] URI acessada: auth/verify
[19-Mar-2026 05:06:19 UTC] URI acessada: auth/verify
[19-Mar-2026 05:06:21 UTC] URI acessada: auth/verify
[19-Mar-2026 05:06:23 UTC] URI acessada: auth/verify
[19-Mar-2026 05:06:25 UTC] URI acessada: auth/verify
[19-Mar-2026 05:06:30 UTC] URI acessada: auth/verify
[19-Mar-2026 05:06:33 UTC] URI acessada: auth/verify
[19-Mar-2026 05:06:35 UTC] URI acessada: auth/verify
[19-Mar-2026 05:06:37 UTC] URI acessada: auth/verify
[19-Mar-2026 05:07:00 UTC] URI acessada: auth/verify
[19-Mar-2026 05:07:17 UTC] URI acessada: auth/verify
[19-Mar-2026 05:07:21 UTC] URI acessada: auth/verify
[19-Mar-2026 05:07:25 UTC] URI acessada: auth/verify
[19-Mar-2026 05:07:32 UTC] URI acessada: auth/verify
[19-Mar-2026 05:09:32 UTC] URI acessada: admin/dashboard
[19-Mar-2026 05:09:36 UTC] URI acessada: admin/users
[19-Mar-2026 05:09:42 UTC] URI acessada: admin/dashboard
[19-Mar-2026 05:09:46 UTC] URI acessada: admin/users
[19-Mar-2026 05:09:48 UTC] URI acessada: admin/dashboard
[19-Mar-2026 05:09:51 UTC] URI acessada: admin/users
[19-Mar-2026 05:09:54 UTC] URI acessada: admin/dashboard
[19-Mar-2026 05:16:27 UTC] URI acessada: admin/dashboard
[19-Mar-2026 05:16:32 UTC] URI acessada: admin/users
[19-Mar-2026 05:16:47 UTC] URI acessada: admin/dashboard
[19-Mar-2026 05:16:50 UTC] URI acessada: admin/users
[19-Mar-2026 05:17:05 UTC] URI acessada: admin/users
[19-Mar-2026 05:17:42 UTC] URI acessada: admin/users
[19-Mar-2026 05:20:33 UTC] URI acessada: admin/dashboard
[19-Mar-2026 05:21:04 UTC] URI acessada: admin/dashboard
[19-Mar-2026 05:21:48 UTC] URI acessada: admin/dashboard
[19-Mar-2026 05:22:00 UTC] URI acessada: admin/users
[19-Mar-2026 05:22:07 UTC] URI acessada: admin/dashboard
[19-Mar-2026 05:23:00 UTC] URI acessada: admin/dashboard
[19-Mar-2026 05:23:11 UTC] URI acessada: admin/users
[19-Mar-2026 05:23:56 UTC] URI acessada: admin/users
[19-Mar-2026 05:24:51 UTC] URI acessada: admin/users
[19-Mar-2026 05:24:51 UTC] URI acessada: admin/dashboard
[19-Mar-2026 05:24:52 UTC] URI acessada: admin/users
[19-Mar-2026 05:28:18 UTC] URI acessada: admin/dashboard
[19-Mar-2026 05:28:21 UTC] URI acessada: admin/users
[19-Mar-2026 05:31:29 UTC] URI acessada: admin/dashboard
[19-Mar-2026 05:31:38 UTC] URI acessada: admin/users
[19-Mar-2026 05:31:52 UTC] URI acessada: admin/users/4
[19-Mar-2026 05:31:52 UTC] URI acessada: admin/users
[19-Mar-2026 05:32:05 UTC] URI acessada: admin/users/4
[19-Mar-2026 05:32:06 UTC] URI acessada: admin/users
[19-Mar-2026 05:32:12 UTC] URI acessada: admin/users/2
[19-Mar-2026 05:32:19 UTC] URI acessada: admin/users/2
[19-Mar-2026 05:32:27 UTC] URI acessada: admin/users/2
[19-Mar-2026 05:32:34 UTC] URI acessada: admin/users/2
[19-Mar-2026 05:33:16 UTC] URI acessada: admin/users/4
[19-Mar-2026 05:33:24 UTC] URI acessada: admin/users/4
[19-Mar-2026 05:38:09 UTC] URI acessada: admin/users/2
[19-Mar-2026 05:38:10 UTC] URI acessada: admin/users
[19-Mar-2026 05:38:19 UTC] URI acessada: admin/dashboard
[19-Mar-2026 05:38:25 UTC] URI acessada: admin/users
[19-Mar-2026 05:39:28 UTC] URI acessada: admin/users/4
[19-Mar-2026 05:39:30 UTC] URI acessada: admin/users
[19-Mar-2026 05:39:54 UTC] URI acessada: admin/users/4
[19-Mar-2026 05:40:13 UTC] URI acessada: admin/users/4
[19-Mar-2026 05:40:14 UTC] URI acessada: admin/users
[19-Mar-2026 05:40:18 UTC] URI acessada: admin/users/4
[19-Mar-2026 05:41:53 UTC] URI acessada: admin/users/4/status
[19-Mar-2026 05:42:19 UTC] URI acessada: admin/users/4/status
[19-Mar-2026 05:42:26 UTC] URI acessada: admin/users/4
[19-Mar-2026 05:43:37 UTC] URI acessada: admin/dashboard
[19-Mar-2026 05:43:39 UTC] URI acessada: admin/users
[19-Mar-2026 05:43:47 UTC] URI acessada: admin/users/4
[19-Mar-2026 05:44:05 UTC] URI acessada: admin/users/4
[19-Mar-2026 05:44:09 UTC] URI acessada: admin/users/4
[19-Mar-2026 05:44:10 UTC] URI acessada: admin/users
[19-Mar-2026 05:44:13 UTC] URI acessada: admin/users
[19-Mar-2026 05:45:33 UTC] URI acessada: admin/users
[19-Mar-2026 05:46:04 UTC] URI acessada: admin/users/4
[19-Mar-2026 05:46:04 UTC] URI acessada: admin/users
[19-Mar-2026 05:50:18 UTC] URI acessada: admin/dashboard
[19-Mar-2026 05:50:25 UTC] URI acessada: admin/users
[19-Mar-2026 05:50:34 UTC] URI acessada: admin/users
[19-Mar-2026 05:50:35 UTC] URI acessada: admin/dashboard
[19-Mar-2026 05:52:58 UTC] URI acessada: admin/dashboard
[19-Mar-2026 05:53:17 UTC] URI acessada: auth/verify
[19-Mar-2026 05:53:19 UTC] URI acessada: auth/verify
[19-Mar-2026 05:53:21 UTC] URI acessada: auth/verify
[19-Mar-2026 05:53:22 UTC] URI acessada: auth/verify
[19-Mar-2026 05:53:24 UTC] URI acessada: auth/verify
[19-Mar-2026 05:53:27 UTC] URI acessada: auth/verify
[19-Mar-2026 05:53:29 UTC] URI acessada: auth/verify
[19-Mar-2026 05:53:36 UTC] URI acessada: auth/verify
[19-Mar-2026 05:53:42 UTC] URI acessada: admin/dashboard
[19-Mar-2026 05:57:49 UTC] URI acessada: admin/dashboard
[19-Mar-2026 06:00:36 UTC] URI acessada: admin/users
[19-Mar-2026 06:00:50 UTC] URI acessada: admin/users
[19-Mar-2026 06:01:01 UTC] URI acessada: admin/dashboard
[19-Mar-2026 06:01:35 UTC] URI acessada: admin/users
[19-Mar-2026 06:02:38 UTC] URI acessada: admin/users
[19-Mar-2026 06:02:39 UTC] URI acessada: admin/dashboard
[19-Mar-2026 06:02:42 UTC] URI acessada: admin/users
[19-Mar-2026 06:02:54 UTC] URI acessada: admin/users/4
[19-Mar-2026 06:03:11 UTC] URI acessada: admin/users/1
[19-Mar-2026 06:03:12 UTC] URI acessada: admin/users
[19-Mar-2026 06:03:57 UTC] URI acessada: admin/dashboard
[19-Mar-2026 06:04:09 UTC] URI acessada: admin/users
[19-Mar-2026 06:04:21 UTC] URI acessada: admin/dashboard
[19-Mar-2026 06:08:24 UTC] URI acessada: admin/dashboard
[19-Mar-2026 06:12:47 UTC] URI acessada: admin/dashboard
[19-Mar-2026 06:13:20 UTC] URI acessada: admin/users
[19-Mar-2026 06:13:24 UTC] URI acessada: admin/dashboard
[19-Mar-2026 06:13:46 UTC] URI acessada: admin/users
[19-Mar-2026 06:14:00 UTC] URI acessada: admin/users/4
[19-Mar-2026 06:14:10 UTC] URI acessada: admin/dashboard
[19-Mar-2026 06:14:14 UTC] URI acessada: admin/users
[19-Mar-2026 06:14:17 UTC] URI acessada: admin/dashboard
[19-Mar-2026 06:21:24 UTC] URI acessada: auth/register
[19-Mar-2026 06:21:41 UTC] URI acessada: chat/conversations
[19-Mar-2026 06:22:04 UTC] URI acessada: admin/users/4
[19-Mar-2026 06:22:14 UTC] URI acessada: chat/conversations
[19-Mar-2026 06:22:23 UTC] URI acessada: chat/messages
[19-Mar-2026 06:22:27 UTC] URI acessada: chat/conversations
[19-Mar-2026 06:23:08 UTC] URI acessada: chat/upload
[19-Mar-2026 06:23:23 UTC] PHP Warning:  move_uploaded_file(C:\Users\Moreira\Downloads\infinitAI\Backend\app\controllers/../../uploads/69bb965baa32e_1773901403.JPG): Failed to open stream: No such file or directory in C:\Users\Moreira\Downloads\infinitAI\Backend\app\controllers\ChatController.php on line 166
[19-Mar-2026 06:23:23 UTC] PHP Warning:  move_uploaded_file(): Unable to move &quot;C:\Users\Moreira\AppData\Local\Temp\php22CC.tmp&quot; to &quot;C:\Users\Moreira\Downloads\infinitAI\Backend\app\controllers/../../uploads/69bb965baa32e_1773901403.JPG&quot; in C:\Users\Moreira\Downloads\infinitAI\Backend\app\controllers\ChatController.php on line 166
[19-Mar-2026 06:23:36 UTC] URI acessada: chat/generate-quiz
[19-Mar-2026 06:24:06 UTC] URI acessada: chat/submit-answer
[19-Mar-2026 06:24:52 UTC] URI acessada: chat/stats
[19-Mar-2026 06:25:14 UTC] URI acessada: chat/messages/4
[19-Mar-2026 06:25:39 UTC] URI acessada: chat/messages/4
[19-Mar-2026 06:26:12 UTC] URI acessada: chat/generate-quiz
[19-Mar-2026 06:26:15 UTC] URI acessada: chat/stats
[19-Mar-2026 06:27:40 UTC] URI acessada: auth/register
[19-Mar-2026 06:27:54 UTC] URI acessada: chat/conversations
[19-Mar-2026 06:28:01 UTC] URI acessada: chat/messages
[19-Mar-2026 06:28:10 UTC] URI acessada: chat/conversations
[19-Mar-2026 06:28:17 UTC] URI acessada: chat/generate-quiz
[19-Mar-2026 06:28:41 UTC] URI acessada: chat/submit-answer
[19-Mar-2026 06:29:07 UTC] URI acessada: chat/stats
[19-Mar-2026 06:30:26 UTC] URI acessada: auth/admin-login
[19-Mar-2026 06:30:38 UTC] URI acessada: admin/dashboard
[19-Mar-2026 06:30:59 UTC] URI acessada: admin/users
[19-Mar-2026 06:31:29 UTC] URI acessada: admin/users/6
[19-Mar-2026 06:32:11 UTC] URI acessada: admin/users/5
[19-Mar-2026 06:32:14 UTC] URI acessada: admin/users
[19-Mar-2026 06:32:18 UTC] URI acessada: admin/dashboard
[19-Mar-2026 06:42:01 UTC] URI acessada: admin/users/4
[20-Mar-2026 01:06:58 UTC] URI acessada: auth/login
[20-Mar-2026 01:07:04 UTC] URI acessada: chat/conversations
[20-Mar-2026 01:08:32 UTC] URI acessada: chat/conversations
[20-Mar-2026 01:09:03 UTC] URI acessada: chat/conversations
[20-Mar-2026 01:09:07 UTC] URI acessada: chat/messages
[20-Mar-2026 01:09:09 UTC] URI acessada: chat/conversations
[20-Mar-2026 01:09:15 UTC] URI acessada: chat/messages/3
[20-Mar-2026 01:09:19 UTC] URI acessada: chat/messages/6
[20-Mar-2026 01:14:42 UTC] URI acessada: chat/conversations
[20-Mar-2026 01:15:43 UTC] URI acessada: chat/conversations
[20-Mar-2026 01:16:43 UTC] URI acessada: chat/conversations
[20-Mar-2026 01:16:47 UTC] URI acessada: chat/messages
[20-Mar-2026 01:16:48 UTC] URI acessada: chat/conversations
[20-Mar-2026 01:16:56 UTC] URI acessada: chat/messages
[20-Mar-2026 01:16:57 UTC] URI acessada: chat/conversations
[20-Mar-2026 01:17:09 UTC] URI acessada: chat/conversations
[20-Mar-2026 01:17:12 UTC] URI acessada: chat/messages/7
[20-Mar-2026 01:17:16 UTC] URI acessada: chat/messages/6
[20-Mar-2026 01:17:18 UTC] URI acessada: chat/messages/3
[20-Mar-2026 01:17:20 UTC] URI acessada: chat/messages/7
[20-Mar-2026 01:18:46 UTC] URI acessada: chat/conversations
[20-Mar-2026 01:19:27 UTC] URI acessada: chat/conversations
[20-Mar-2026 01:19:29 UTC] URI acessada: chat/messages/6
[20-Mar-2026 01:19:32 UTC] URI acessada: chat/messages/7
[20-Mar-2026 01:19:33 UTC] URI acessada: chat/messages/3
[20-Mar-2026 01:19:39 UTC] URI acessada: chat/messages/3
[20-Mar-2026 01:19:44 UTC] URI acessada: chat/messages/7
[20-Mar-2026 01:23:07 UTC] URI acessada: chat/conversations
[20-Mar-2026 01:23:36 UTC] URI acessada: chat/conversations
[20-Mar-2026 01:24:29 UTC] URI acessada: chat/conversations
[20-Mar-2026 01:24:34 UTC] URI acessada: chat/messages/6
[20-Mar-2026 01:24:37 UTC] URI acessada: chat/messages/3
[20-Mar-2026 01:24:42 UTC] URI acessada: chat/messages/7
[20-Mar-2026 01:24:48 UTC] URI acessada: chat/messages
[20-Mar-2026 01:24:49 UTC] URI acessada: chat/conversations
[20-Mar-2026 01:25:10 UTC] URI acessada: chat/generate-quiz
[20-Mar-2026 01:25:17 UTC] URI acessada: chat/submit-answer
[20-Mar-2026 01:25:26 UTC] URI acessada: chat/stats
[20-Mar-2026 01:26:55 UTC] URI acessada: chat/generate-quiz
[20-Mar-2026 01:27:00 UTC] URI acessada: chat/submit-answer
[20-Mar-2026 01:38:05 UTC] URI acessada: chat/submit-answer
[20-Mar-2026 01:40:38 UTC] URI acessada: chat/submit-answer
[20-Mar-2026 01:40:51 UTC] URI acessada: chat/submit-answer
[20-Mar-2026 01:41:01 UTC] URI acessada: chat/submit-answer
[20-Mar-2026 01:41:16 UTC] URI acessada: chat/submit-answer
[20-Mar-2026 01:41:22 UTC] URI acessada: chat/submit-answer
[20-Mar-2026 01:41:28 UTC] URI acessada: chat/stats
[20-Mar-2026 01:49:54 UTC] URI acessada: chat/conversations
[20-Mar-2026 01:49:59 UTC] URI acessada: chat/stats
[20-Mar-2026 01:50:05 UTC] URI acessada: chat/generate-quiz
[20-Mar-2026 01:50:23 UTC] URI acessada: chat/submit-answer
[20-Mar-2026 01:50:49 UTC] URI acessada: chat/submit-answer
[20-Mar-2026 01:51:00 UTC] URI acessada: chat/submit-answer
[20-Mar-2026 01:51:17 UTC] URI acessada: chat/submit-answer
[20-Mar-2026 01:51:30 UTC] URI acessada: chat/submit-answer
[20-Mar-2026 01:51:39 UTC] URI acessada: chat/stats
[20-Mar-2026 01:53:21 UTC] URI acessada: chat/generate-quiz
[20-Mar-2026 01:53:34 UTC] URI acessada: chat/submit-answer
[20-Mar-2026 01:53:43 UTC] URI acessada: chat/stats
[20-Mar-2026 01:57:17 UTC] URI acessada: chat/generate-quiz
[20-Mar-2026 01:57:38 UTC] URI acessada: chat/stats
[20-Mar-2026 01:57:42 UTC] URI acessada: chat/generate-quiz
[20-Mar-2026 01:57:53 UTC] URI acessada: chat/submit-answer
[20-Mar-2026 01:58:04 UTC] URI acessada: chat/submit-answer
[20-Mar-2026 01:58:15 UTC] URI acessada: chat/submit-answer
[20-Mar-2026 01:58:24 UTC] URI acessada: chat/submit-answer
[20-Mar-2026 01:58:33 UTC] URI acessada: chat/submit-answer
[20-Mar-2026 01:58:48 UTC] URI acessada: chat/stats
[20-Mar-2026 02:01:38 UTC] URI acessada: chat/generate-quiz
[20-Mar-2026 02:01:59 UTC] URI acessada: chat/stats
[20-Mar-2026 02:12:09 UTC] URI acessada: chat/conversations
[20-Mar-2026 02:12:17 UTC] URI acessada: chat/messages
[20-Mar-2026 02:12:18 UTC] URI acessada: chat/conversations
[20-Mar-2026 02:12:21 UTC] URI acessada: chat/generate-quiz
[20-Mar-2026 02:12:27 UTC] URI acessada: chat/submit-answer
[20-Mar-2026 02:12:34 UTC] URI acessada: chat/stats
[20-Mar-2026 02:13:14 UTC] URI acessada: chat/generate-quiz
[20-Mar-2026 02:14:29 UTC] URI acessada: chat/upload
[20-Mar-2026 02:14:29 UTC] PHP Warning:  move_uploaded_file(C:\Users\Moreira\Downloads\infinitAI\Backend\app\controllers/../../uploads/69bcad85d5cfe_1773972869.JPG): Failed to open stream: No such file or directory in C:\Users\Moreira\Downloads\infinitAI\Backend\app\controllers\ChatController.php on line 166
[20-Mar-2026 02:14:29 UTC] PHP Warning:  move_uploaded_file(): Unable to move &quot;C:\Users\Moreira\AppData\Local\Temp\phpDD8C.tmp&quot; to &quot;C:\Users\Moreira\Downloads\infinitAI\Backend\app\controllers/../../uploads/69bcad85d5cfe_1773972869.JPG&quot; in C:\Users\Moreira\Downloads\infinitAI\Backend\app\controllers\ChatController.php on line 166
[20-Mar-2026 02:15:08 UTC] URI acessada: chat/upload
[20-Mar-2026 02:15:10 UTC] PHP Warning:  move_uploaded_file(C:\Users\Moreira\Downloads\infinitAI\Backend\app\controllers/../../uploads/69bcadae53ec2_1773972910.PNG): Failed to open stream: No such file or directory in C:\Users\Moreira\Downloads\infinitAI\Backend\app\controllers\ChatController.php on line 166
[20-Mar-2026 02:15:10 UTC] PHP Warning:  move_uploaded_file(): Unable to move &quot;C:\Users\Moreira\AppData\Local\Temp\php7558.tmp&quot; to &quot;C:\Users\Moreira\Downloads\infinitAI\Backend\app\controllers/../../uploads/69bcadae53ec2_1773972910.PNG&quot; in C:\Users\Moreira\Downloads\infinitAI\Backend\app\controllers\ChatController.php on line 166
[20-Mar-2026 02:15:28 UTC] URI acessada: chat/upload
[20-Mar-2026 02:15:29 UTC] PHP Warning:  move_uploaded_file(C:\Users\Moreira\Downloads\infinitAI\Backend\app\controllers/../../uploads/69bcadc1991b0_1773972929.png): Failed to open stream: No such file or directory in C:\Users\Moreira\Downloads\infinitAI\Backend\app\controllers\ChatController.php on line 166
[20-Mar-2026 02:15:29 UTC] PHP Warning:  move_uploaded_file(): Unable to move &quot;C:\Users\Moreira\AppData\Local\Temp\phpC6A5.tmp&quot; to &quot;C:\Users\Moreira\Downloads\infinitAI\Backend\app\controllers/../../uploads/69bcadc1991b0_1773972929.png&quot; in C:\Users\Moreira\Downloads\infinitAI\Backend\app\controllers\ChatController.php on line 166
[20-Mar-2026 02:19:26 UTC] URI acessada: chat/upload
[20-Mar-2026 02:19:59 UTC] URI acessada: chat/upload
[20-Mar-2026 02:20:00 UTC] PHP Fatal error:  Uncaught Error: Call to undefined method App\Helpers\Database::lastInsertId() in C:\Users\Moreira\Downloads\infinitAI\Backend\app\controllers\ChatController.php:202
Stack trace:
#0 C:\Users\Moreira\Downloads\infinitAI\Backend\api\index.php(101): App\Controllers\ChatController->uploadFile(Array)
#1 C:\Users\Moreira\Downloads\infinitAI\Backend\router.php(13): require_once('C:\\Users\\Moreir...')
#2 {main}
  thrown in C:\Users\Moreira\Downloads\infinitAI\Backend\app\controllers\ChatController.php on line 202
[20-Mar-2026 02:22:26 UTC] URI acessada: chat/upload
[20-Mar-2026 02:32:35 UTC] URI acessada: auth/admin-login
[20-Mar-2026 02:32:46 UTC] URI acessada: admin/dashboard
[20-Mar-2026 02:32:59 UTC] URI acessada: admin/users
[20-Mar-2026 02:33:03 UTC] URI acessada: admin/dashboard
[20-Mar-2026 02:34:13 UTC] URI acessada: admin/dashboard
[20-Mar-2026 02:37:14 UTC] URI acessada: admin/users
[20-Mar-2026 02:37:17 UTC] URI acessada: admin/users/6
[20-Mar-2026 02:37:27 UTC] URI acessada: admin/users/4
[20-Mar-2026 02:37:28 UTC] URI acessada: admin/users/4
[20-Mar-2026 02:37:30 UTC] URI acessada: admin/users/4
[20-Mar-2026 02:37:31 UTC] URI acessada: admin/users/4
[20-Mar-2026 02:37:35 UTC] URI acessada: admin/users/4
[20-Mar-2026 02:41:46 UTC] URI acessada: admin/dashboard
[20-Mar-2026 02:41:48 UTC] URI acessada: admin/users
[20-Mar-2026 02:42:11 UTC] URI acessada: admin/dashboard
[20-Mar-2026 02:42:13 UTC] URI acessada: admin/users
[20-Mar-2026 02:43:32 UTC] URI acessada: admin/users
[20-Mar-2026 02:43:35 UTC] URI acessada: admin/users/4
[20-Mar-2026 02:43:37 UTC] URI acessada: admin/users/6
[20-Mar-2026 02:43:39 UTC] URI acessada: admin/users/6
[20-Mar-2026 02:43:54 UTC] URI acessada: admin/users/6
[20-Mar-2026 02:43:55 UTC] URI acessada: admin/users/4
[20-Mar-2026 02:44:06 UTC] URI acessada: admin/dashboard
[20-Mar-2026 02:44:07 UTC] URI acessada: admin/users
[20-Mar-2026 02:51:09 UTC] URI acessada: admin/dashboard
[20-Mar-2026 02:51:17 UTC] URI acessada: admin/users
[20-Mar-2026 02:51:41 UTC] URI acessada: admin/dashboard
[20-Mar-2026 02:51:43 UTC] URI acessada: admin/users
[20-Mar-2026 02:51:48 UTC] URI acessada: admin/mensagens
[20-Mar-2026 02:52:26 UTC] URI acessada: admin/midias
[20-Mar-2026 02:52:49 UTC] URI acessada: admin/users
[20-Mar-2026 02:52:54 UTC] URI acessada: admin/users/6
[20-Mar-2026 02:52:59 UTC] URI acessada: admin/users/4
[20-Mar-2026 02:53:24 UTC] URI acessada: admin/users/6
[20-Mar-2026 02:54:16 UTC] URI acessada: admin/users/6
[20-Mar-2026 02:56:43 UTC] URI acessada: admin/dashboard
[20-Mar-2026 02:56:47 UTC] URI acessada: admin/users
[20-Mar-2026 02:57:13 UTC] URI acessada: admin/users
[20-Mar-2026 02:57:17 UTC] URI acessada: admin/users/6
[20-Mar-2026 02:57:30 UTC] URI acessada: admin/users/4
[20-Mar-2026 03:03:06 UTC] URI acessada: admin/users/6
[20-Mar-2026 03:03:23 UTC] URI acessada: admin/users/6
[20-Mar-2026 03:03:24 UTC] URI acessada: admin/users
[20-Mar-2026 03:03:29 UTC] URI acessada: admin/dashboard
[20-Mar-2026 03:03:30 UTC] URI acessada: admin/users
[20-Mar-2026 03:03:35 UTC] URI acessada: admin/midias
[20-Mar-2026 03:04:08 UTC] URI acessada: admin/dashboard
[20-Mar-2026 03:04:09 UTC] URI acessada: admin/users
[20-Mar-2026 03:06:44 UTC] URI acessada: admin/dashboard
[20-Mar-2026 03:06:45 UTC] URI acessada: admin/users
[20-Mar-2026 03:07:27 UTC] URI acessada: admin/mensagens
[20-Mar-2026 03:08:27 UTC] URI acessada: admin/dashboard
[20-Mar-2026 03:08:28 UTC] URI acessada: admin/users
